Arguments: 
  /usr/local/bin/node /usr/local/Cellar/yarn/1.21.1/libexec/bin/yarn.js init

PATH: 
  /Users/andrejtomic/Library/Android/sdk/platform-tools:/Users/andrejtomic/Library/Android/sdk/tools:/Users/andrejtomic/Library/Python/3.8/bin:/Library/Frameworks/Python.framework/Versions/3.8/bin:/usr/local/bin:/usr/bin:/bin:/usr/sbin:/sbin:/Users/andrejtomic/Library/Android/sdk/platform-tools:/Users/andrejtomic/Library/Android/sdk/tools:/Users/andrejtomic/Library/Python/3.8/bin:/Library/Frameworks/Python.framework/Versions/3.8/bin

Yarn version: 
  1.21.1

Node version: 
  12.13.0

Platform: 
  darwin x64

Trace: 
  Error: canceled
      at Interface.<anonymous> (/usr/local/Cellar/yarn/1.21.1/libexec/lib/cli.js:136925:13)
      at Interface.emit (events.js:210:5)
      at Interface._ttyWrite (readline.js:887:16)
      at ReadStream.onkeypress (readline.js:191:10)
      at ReadStream.emit (events.js:210:5)
      at emitKeys (internal/readline/utils.js:433:14)
      at emitKeys.next (<anonymous>)
      at ReadStream.onData (readline.js:1153:36)
      at ReadStream.emit (events.js:210:5)
      at addChunk (_stream_readable.js:308:12)

npm manifest: 
  No manifest

yarn manifest: 
  No manifest

Lockfile: 
  No lockfile
